-------------------------------------------------------------------------------
Test set: TestSuite
-------------------------------------------------------------------------------
Tests run: 3, Failures: 1, Errors: 0, Skipped: 2, Time elapsed: 0.381 s <<< FAILURE! - in TestSuite
setup(com.ts.qa.testcases.LoginpageTest)  Time elapsed: 0.264 s  <<< FAILURE!
java.lang.NullPointerException
	at com.ts.qa.testcases.LoginpageTest.setup(LoginpageTest.java:29)

