<?xml version="1.0" encoding="UTF-8"?>
<!-- Generated by org.testng.reporters.JUnitXMLReporter -->
<testsuite hostname="anita-ThinkPad-E480" ignored="0" name="testngTest" tests="1" failures="0" timestamp="2019-09-04T15:02:52 IST" time="0.046" errors="0">
  <testcase name="@BeforeTest setup" time="0.011" classname="com.ts.qa.testcases.LoginpageTest">
    <failure type="java.lang.NullPointerException">
      <![CDATA[java.lang.NullPointerException
at com.ts.qa.base.TestBase.initialization(TestBase.java:38)
at com.ts.qa.testcases.LoginpageTest.setup(LoginpageTest.java:29)
... Removed 28 stack frames]]>
    </failure>
  </testcase> <!-- @BeforeTest setup -->
  <testcase name="@AfterTest tearDown" time="-1.567589572547E9" classname="com.ts.qa.testcases.LoginpageTest">
    <skipped/>
  </testcase> <!-- @AfterTest tearDown -->
  <testcase name="loginPageTitleTest" time="0.0" classname="com.ts.qa.testcases.LoginpageTest">
    <skipped/>
  </testcase> <!-- loginPageTitleTest -->
</testsuite> <!-- testngTest -->
