<?xml version="1.0" encoding="UTF-8"?>
<!-- Generated by org.testng.reporters.JUnitXMLReporter -->
<testsuite hostname="anita-ThinkPad-E480" ignored="0" name="testngTest" tests="4" failures="0" timestamp="2019-09-03T12:26:09 IST" time="0.051" errors="0">
  <testcase name="multiply" time="0.01" classname="com.qa.tests.DemoTest"/>
  <testcase name="sum" time="0.002" classname="com.qa.tests.DemoTest"/>
  <testcase name="subtraction" time="0.001" classname="com.qa.tests.Demotest1"/>
  <testcase name="division" time="0.001" classname="com.qa.tests.Demotest2"/>
</testsuite> <!-- testngTest -->
